[debug] [2023-04-15T05:10:21.969Z] ----------------------------------------------------------------------
[debug] [2023-04-15T05:10:21.972Z] Command:       C:\Program Files\nodejs\node.exe C:\Users\دراسة مكثفة\AppData\Roaming\npm\node_modules\firebase-tools\lib\bin\firebase.js init hosting
[debug] [2023-04-15T05:10:21.973Z] CLI Version:   11.27.0
[debug] [2023-04-15T05:10:21.973Z] Platform:      win32
[debug] [2023-04-15T05:10:21.973Z] Node Version:  v18.12.0
[debug] [2023-04-15T05:10:21.974Z] Time:          Sat Apr 15 2023 07:10:21 GMT+0200 (heure d’été d’Europe centrale)
[debug] [2023-04-15T05:10:21.975Z] ----------------------------------------------------------------------
[debug] 
[debug] [2023-04-15T05:10:21.985Z] > command requires scopes: ["email","openid","https://www.googleapis.com/auth/cloudplatformprojects.readonly","https://www.googleapis.com/auth/firebase","https://www.googleapis.com/auth/cloud-platform"]
[debug] [2023-04-15T05:10:21.986Z] > authorizing via signed-in user (hm_telli@esi.dz)
[info] 
     ######## #### ########  ######## ########     ###     ######  ########
     ##        ##  ##     ## ##       ##     ##  ##   ##  ##       ##
     ######    ##  ########  ######   ########  #########  ######  ######
     ##        ##  ##    ##  ##       ##     ## ##     ##       ## ##
     ##       #### ##     ## ######## ########  ##     ##  ######  ########

You're about to initialize a Firebase project in this directory:

  C:\react-native\my-react-project

Before we get started, keep in mind:

  * You are currently outside your home directory

[info] 
=== Project Setup
[info] 
[info] First, let's associate this project directory with a Firebase project.
[info] You can create multiple project aliases by running firebase use --add, 
[info] but for now we'll just set up a default project.
[info] 
[info] i  If you want to create a project in a Google Cloud organization or folder, please use "firebase projects:create" instead, and return to this command when you've created the project. 
[debug] [2023-04-15T05:11:29.492Z] >>> [apiv2][query] POST https://cloudresourcemanager.googleapis.com/v1/projects [none]
[debug] [2023-04-15T05:11:29.492Z] >>> [apiv2][body] POST https://cloudresourcemanager.googleapis.com/v1/projects {"projectId":"sentiment-analysis","name":"sentiment-analysis"}
[debug] [2023-04-15T05:11:30.080Z] <<< [apiv2][status] POST https://cloudresourcemanager.googleapis.com/v1/projects 409
[debug] [2023-04-15T05:11:30.080Z] <<< [apiv2][body] POST https://cloudresourcemanager.googleapis.com/v1/projects {"error":{"code":409,"message":"Requested entity already exists","status":"ALREADY_EXISTS"}}
[debug] [2023-04-15T05:11:30.283Z] FirebaseError: HTTP Error: 409, Requested entity already exists
    at responseToError (C:\Users\دراسة مكثفة\AppData\Roaming\npm\node_modules\firebase-tools\lib\responseToError.js:49:12)
    at RetryOperation._fn (C:\Users\دراسة مكثفة\AppData\Roaming\npm\node_modules\firebase-tools\lib\apiv2.js:288:77)
    at process.processTicksAndRejections (node:internal/process/task_queues:95:5)
[error] 
[error] Error: Failed to create project because there is already a project with ID sentiment-analysis. Please try again with a unique project ID.
[debug] [2023-04-15T05:11:40.793Z] ----------------------------------------------------------------------
[debug] [2023-04-15T05:11:40.795Z] Command:       C:\Program Files\nodejs\node.exe C:\Users\دراسة مكثفة\AppData\Roaming\npm\node_modules\firebase-tools\lib\bin\firebase.js init hosting
[debug] [2023-04-15T05:11:40.796Z] CLI Version:   11.27.0
[debug] [2023-04-15T05:11:40.796Z] Platform:      win32
[debug] [2023-04-15T05:11:40.796Z] Node Version:  v18.12.0
[debug] [2023-04-15T05:11:40.797Z] Time:          Sat Apr 15 2023 07:11:40 GMT+0200 (heure d’été d’Europe centrale)
[debug] [2023-04-15T05:11:40.797Z] ----------------------------------------------------------------------
[debug] 
[debug] [2023-04-15T05:11:40.806Z] > command requires scopes: ["email","openid","https://www.googleapis.com/auth/cloudplatformprojects.readonly","https://www.googleapis.com/auth/firebase","https://www.googleapis.com/auth/cloud-platform"]
[debug] [2023-04-15T05:11:40.807Z] > authorizing via signed-in user (hm_telli@esi.dz)
[info] 
     ######## #### ########  ######## ########     ###     ######  ########
     ##        ##  ##     ## ##       ##     ##  ##   ##  ##       ##
     ######    ##  ########  ######   ########  #########  ######  ######
     ##        ##  ##    ##  ##       ##     ## ##     ##       ## ##
     ##       #### ##     ## ######## ########  ##     ##  ######  ########

You're about to initialize a Firebase project in this directory:

  C:\react-native\my-react-project

Before we get started, keep in mind:

  * You are currently outside your home directory

[info] 
=== Project Setup
[info] 
[info] First, let's associate this project directory with a Firebase project.
[info] You can create multiple project aliases by running firebase use --add, 
[info] but for now we'll just set up a default project.
[info] 
[info] i  If you want to create a project in a Google Cloud organization or folder, please use "firebase projects:create" instead, and return to this command when you've created the project. 
[debug] [2023-04-15T05:12:04.367Z] >>> [apiv2][query] POST https://cloudresourcemanager.googleapis.com/v1/projects [none]
[debug] [2023-04-15T05:12:04.368Z] >>> [apiv2][body] POST https://cloudresourcemanager.googleapis.com/v1/projects {"projectId":"pekoDama","name":"pekoDama"}
[debug] [2023-04-15T05:12:05.203Z] <<< [apiv2][status] POST https://cloudresourcemanager.googleapis.com/v1/projects 400
[debug] [2023-04-15T05:12:05.203Z] <<< [apiv2][body] POST https://cloudresourcemanager.googleapis.com/v1/projects {"error":{"code":400,"message":"field [project_id] has issue [project_id contains invalid characters]","status":"INVALID_ARGUMENT","details":[{"@type":"type.googleapis.com/google.rpc.BadRequest","fieldViolations":[{"field":"project_id","description":"project_id contains invalid characters"}]},{"@type":"type.googleapis.com/google.rpc.Help","links":[{"url":"https://cloud.google.com/resource-manager/reference/rest/v1/projects"}]}]}}
[debug] [2023-04-15T05:12:05.397Z] FirebaseError: HTTP Error: 400, field [project_id] has issue [project_id contains invalid characters]
    at responseToError (C:\Users\دراسة مكثفة\AppData\Roaming\npm\node_modules\firebase-tools\lib\responseToError.js:49:12)
    at RetryOperation._fn (C:\Users\دراسة مكثفة\AppData\Roaming\npm\node_modules\firebase-tools\lib\apiv2.js:288:77)
    at process.processTicksAndRejections (node:internal/process/task_queues:95:5)
[error] 
[error] Error: Failed to create project. See firebase-debug.log for more info.
[debug] [2023-04-15T05:12:16.751Z] ----------------------------------------------------------------------
[debug] [2023-04-15T05:12:16.753Z] Command:       C:\Program Files\nodejs\node.exe C:\Users\دراسة مكثفة\AppData\Roaming\npm\node_modules\firebase-tools\lib\bin\firebase.js init hosting
[debug] [2023-04-15T05:12:16.753Z] CLI Version:   11.27.0
[debug] [2023-04-15T05:12:16.753Z] Platform:      win32
[debug] [2023-04-15T05:12:16.753Z] Node Version:  v18.12.0
[debug] [2023-04-15T05:12:16.755Z] Time:          Sat Apr 15 2023 07:12:16 GMT+0200 (heure d’été d’Europe centrale)
[debug] [2023-04-15T05:12:16.755Z] ----------------------------------------------------------------------
[debug] 
[debug] [2023-04-15T05:12:16.764Z] > command requires scopes: ["email","openid","https://www.googleapis.com/auth/cloudplatformprojects.readonly","https://www.googleapis.com/auth/firebase","https://www.googleapis.com/auth/cloud-platform"]
[debug] [2023-04-15T05:12:16.764Z] > authorizing via signed-in user (hm_telli@esi.dz)
[info] 
     ######## #### ########  ######## ########     ###     ######  ########
     ##        ##  ##     ## ##       ##     ##  ##   ##  ##       ##
     ######    ##  ########  ######   ########  #########  ######  ######
     ##        ##  ##    ##  ##       ##     ## ##     ##       ## ##
     ##       #### ##     ## ######## ########  ##     ##  ######  ########

You're about to initialize a Firebase project in this directory:

  C:\react-native\my-react-project

Before we get started, keep in mind:

  * You are currently outside your home directory

[info] 
=== Project Setup
[info] 
[info] First, let's associate this project directory with a Firebase project.
[info] You can create multiple project aliases by running firebase use --add, 
[info] but for now we'll just set up a default project.
[info] 
[info] i  If you want to create a project in a Google Cloud organization or folder, please use "firebase projects:create" instead, and return to this command when you've created the project. 
[debug] [2023-04-15T05:12:52.169Z] >>> [apiv2][query] POST https://cloudresourcemanager.googleapis.com/v1/projects [none]
[debug] [2023-04-15T05:12:52.170Z] >>> [apiv2][body] POST https://cloudresourcemanager.googleapis.com/v1/projects {"projectId":"projectpekodama69","name":"projecttellimohamedkhoudja"}
[debug] [2023-04-15T05:12:53.238Z] <<< [apiv2][status] POST https://cloudresourcemanager.googleapis.com/v1/projects 200
[debug] [2023-04-15T05:12:53.238Z] <<< [apiv2][body] POST https://cloudresourcemanager.googleapis.com/v1/projects {"name":"operations/cp.5188012765868632108"}
[debug] [2023-04-15T05:12:53.240Z] >>> [apiv2][query] GET https://cloudresourcemanager.googleapis.com/v1/operations/cp.5188012765868632108 [none]
[debug] [2023-04-15T05:12:54.224Z] <<< [apiv2][status] GET https://cloudresourcemanager.googleapis.com/v1/operations/cp.5188012765868632108 200
[debug] [2023-04-15T05:12:54.224Z] <<< [apiv2][body] GET https://cloudresourcemanager.googleapis.com/v1/operations/cp.5188012765868632108 {"name":"operations/cp.5188012765868632108"}
[debug] [2023-04-15T05:12:54.737Z] [Project Creation Poller] Retrying task index 0
[debug] [2023-04-15T05:12:54.737Z] >>> [apiv2][query] GET https://cloudresourcemanager.googleapis.com/v1/operations/cp.5188012765868632108 [none]
[debug] [2023-04-15T05:12:55.789Z] <<< [apiv2][status] GET https://cloudresourcemanager.googleapis.com/v1/operations/cp.5188012765868632108 200
[debug] [2023-04-15T05:12:55.790Z] <<< [apiv2][body] GET https://cloudresourcemanager.googleapis.com/v1/operations/cp.5188012765868632108 {"name":"operations/cp.5188012765868632108","metadata":{"@type":"type.googleapis.com/google.cloudresourcemanager.v1.ProjectCreationStatus","gettable":true}}
[debug] [2023-04-15T05:12:56.802Z] [Project Creation Poller] Retrying task index 0
[debug] [2023-04-15T05:12:56.803Z] >>> [apiv2][query] GET https://cloudresourcemanager.googleapis.com/v1/operations/cp.5188012765868632108 [none]
[debug] [2023-04-15T05:12:57.756Z] <<< [apiv2][status] GET https://cloudresourcemanager.googleapis.com/v1/operations/cp.5188012765868632108 200
[debug] [2023-04-15T05:12:57.757Z] <<< [apiv2][body] GET https://cloudresourcemanager.googleapis.com/v1/operations/cp.5188012765868632108 {"name":"operations/cp.5188012765868632108","metadata":{"@type":"type.googleapis.com/google.cloudresourcemanager.v1.ProjectCreationStatus","gettable":true,"ready":true},"done":true,"response":{"@type":"type.googleapis.com/google.cloudresourcemanager.v1.Project","projectNumber":"371261051136","projectId":"projectpekodama69","lifecycleState":"ACTIVE","name":"projecttellimohamedkhoudja","createTime":"2023-04-15T05:12:54.693Z","parent":{"type":"organization","id":"157634266640"}}}
[debug] [2023-04-15T05:12:57.761Z] >>> [apiv2][query] POST https://firebase.googleapis.com/v1beta1/projects/projectpekodama69:addFirebase [none]
[debug] [2023-04-15T05:13:01.241Z] <<< [apiv2][status] POST https://firebase.googleapis.com/v1beta1/projects/projectpekodama69:addFirebase 200
[debug] [2023-04-15T05:13:01.241Z] <<< [apiv2][body] POST https://firebase.googleapis.com/v1beta1/projects/projectpekodama69:addFirebase {"name":"operations/workflows/NWYzODgxMDYtYWI0OC00ZjA2LWI1NzEtMTNmNTI1ZTJhZTgz"}
[debug] [2023-04-15T05:13:01.241Z] >>> [apiv2][query] GET https://firebase.googleapis.com/v1beta1/operations/workflows/NWYzODgxMDYtYWI0OC00ZjA2LWI1NzEtMTNmNTI1ZTJhZTgz [none]
[debug] [2023-04-15T05:13:02.051Z] <<< [apiv2][status] GET https://firebase.googleapis.com/v1beta1/operations/workflows/NWYzODgxMDYtYWI0OC00ZjA2LWI1NzEtMTNmNTI1ZTJhZTgz 200
[debug] [2023-04-15T05:13:02.052Z] <<< [apiv2][body] GET https://firebase.googleapis.com/v1beta1/operations/workflows/NWYzODgxMDYtYWI0OC00ZjA2LWI1NzEtMTNmNTI1ZTJhZTgz {"name":"operations/workflows/NWYzODgxMDYtYWI0OC00ZjA2LWI1NzEtMTNmNTI1ZTJhZTgz"}
[debug] [2023-04-15T05:13:02.564Z] [Add Firebase Poller] Retrying task index 0
[debug] [2023-04-15T05:13:02.565Z] >>> [apiv2][query] GET https://firebase.googleapis.com/v1beta1/operations/workflows/NWYzODgxMDYtYWI0OC00ZjA2LWI1NzEtMTNmNTI1ZTJhZTgz [none]
[debug] [2023-04-15T05:13:03.435Z] <<< [apiv2][status] GET https://firebase.googleapis.com/v1beta1/operations/workflows/NWYzODgxMDYtYWI0OC00ZjA2LWI1NzEtMTNmNTI1ZTJhZTgz 200
[debug] [2023-04-15T05:13:03.436Z] <<< [apiv2][body] GET https://firebase.googleapis.com/v1beta1/operations/workflows/NWYzODgxMDYtYWI0OC00ZjA2LWI1NzEtMTNmNTI1ZTJhZTgz {"name":"operations/workflows/NWYzODgxMDYtYWI0OC00ZjA2LWI1NzEtMTNmNTI1ZTJhZTgz"}
[debug] [2023-04-15T05:13:04.450Z] [Add Firebase Poller] Retrying task index 0
[debug] [2023-04-15T05:13:04.451Z] >>> [apiv2][query] GET https://firebase.googleapis.com/v1beta1/operations/workflows/NWYzODgxMDYtYWI0OC00ZjA2LWI1NzEtMTNmNTI1ZTJhZTgz [none]
[debug] [2023-04-15T05:13:05.200Z] <<< [apiv2][status] GET https://firebase.googleapis.com/v1beta1/operations/workflows/NWYzODgxMDYtYWI0OC00ZjA2LWI1NzEtMTNmNTI1ZTJhZTgz 200
[debug] [2023-04-15T05:13:05.200Z] <<< [apiv2][body] GET https://firebase.googleapis.com/v1beta1/operations/workflows/NWYzODgxMDYtYWI0OC00ZjA2LWI1NzEtMTNmNTI1ZTJhZTgz {"name":"operations/workflows/NWYzODgxMDYtYWI0OC00ZjA2LWI1NzEtMTNmNTI1ZTJhZTgz"}
[debug] [2023-04-15T05:13:07.211Z] [Add Firebase Poller] Retrying task index 0
[debug] [2023-04-15T05:13:07.212Z] >>> [apiv2][query] GET https://firebase.googleapis.com/v1beta1/operations/workflows/NWYzODgxMDYtYWI0OC00ZjA2LWI1NzEtMTNmNTI1ZTJhZTgz [none]
[debug] [2023-04-15T05:13:07.937Z] <<< [apiv2][status] GET https://firebase.googleapis.com/v1beta1/operations/workflows/NWYzODgxMDYtYWI0OC00ZjA2LWI1NzEtMTNmNTI1ZTJhZTgz 200
[debug] [2023-04-15T05:13:07.937Z] <<< [apiv2][body] GET https://firebase.googleapis.com/v1beta1/operations/workflows/NWYzODgxMDYtYWI0OC00ZjA2LWI1NzEtMTNmNTI1ZTJhZTgz {"name":"operations/workflows/NWYzODgxMDYtYWI0OC00ZjA2LWI1NzEtMTNmNTI1ZTJhZTgz"}
[debug] [2023-04-15T05:13:11.943Z] [Add Firebase Poller] Retrying task index 0
[debug] [2023-04-15T05:13:11.944Z] >>> [apiv2][query] GET https://firebase.googleapis.com/v1beta1/operations/workflows/NWYzODgxMDYtYWI0OC00ZjA2LWI1NzEtMTNmNTI1ZTJhZTgz [none]
[debug] [2023-04-15T05:13:12.673Z] <<< [apiv2][status] GET https://firebase.googleapis.com/v1beta1/operations/workflows/NWYzODgxMDYtYWI0OC00ZjA2LWI1NzEtMTNmNTI1ZTJhZTgz 200
[debug] [2023-04-15T05:13:12.673Z] <<< [apiv2][body] GET https://firebase.googleapis.com/v1beta1/operations/workflows/NWYzODgxMDYtYWI0OC00ZjA2LWI1NzEtMTNmNTI1ZTJhZTgz {"name":"operations/workflows/NWYzODgxMDYtYWI0OC00ZjA2LWI1NzEtMTNmNTI1ZTJhZTgz","done":true,"response":{"@type":"type.googleapis.com/google.firebase.service.v1beta1.FirebaseProject","projectId":"projectpekodama69","projectNumber":"371261051136","displayName":"projecttellimohamedkhoudja","name":"projects/projectpekodama69","resources":{"hostingSite":"projectpekodama69"}}}
[info] 
[info] === Your Firebase project is ready! ===
[info] 
[info] Project information:
[info]    - Project ID: projectpekodama69
[info]    - Project Name: projecttellimohamedkhoudja
[info] 
[info] Firebase console is available at
[info] https://console.firebase.google.com/project/projectpekodama69/overview
[info] i  Using project projectpekodama69 (projecttellimohamedkhoudja) 
[info] 
=== Hosting Setup
[info] 
[info] Your public directory is the folder (relative to your project directory) that
[info] will contain Hosting assets to be uploaded with firebase deploy. If you
[info] have a build process for your assets, use your build's output directory.
[info] 
[debug] [2023-04-15T05:13:41.251Z] >>> [apiv2][query] GET https://www.gstatic.com/firebasejs/releases.json [none]
[debug] [2023-04-15T05:13:41.515Z] <<< [apiv2][status] GET https://www.gstatic.com/firebasejs/releases.json 200
[debug] [2023-04-15T05:13:41.515Z] <<< [apiv2][body] GET https://www.gstatic.com/firebasejs/releases.json {"current":{"version":"9.19.1","browserURL":"https://www.gstatic.com/firebasejs/9.19.1/firebase.js","packageURL":"https://www.gstatic.com/firebasejs/9.19.1/firebase.tgz"},"live":{"version":"9.19","browserURL":"https://www.gstatic.com/firebasejs/live/9.19/firebase.js","packageURL":"https://www.gstatic.com/firebasejs/live/9.19/firebase.tgz"},"components":{"analytics":"https://www.gstatic.com/firebasejs/9.19.1/firebase-analytics.js","app":"https://www.gstatic.com/firebasejs/9.19.1/firebase-app.js","app-check":"https://www.gstatic.com/firebasejs/9.19.1/firebase-app-check.js","auth":"https://www.gstatic.com/firebasejs/9.19.1/firebase-auth.js","auth/cordova":"https://www.gstatic.com/firebasejs/9.19.1/firebase-auth/cordova.js","auth/react-native":"https://www.gstatic.com/firebasejs/9.19.1/firebase-auth/react-native.js","functions":"https://www.gstatic.com/firebasejs/9.19.1/firebase-functions.js","firestore":"https://www.gstatic.com/firebasejs/9.19.1/firebase-firestore.js","firestore/lite":"https://www.gstatic.com/firebasejs/9.19.1/firebase-firestore/lite.js","installations":"https://www.gstatic.com/firebasejs/9.19.1/firebase-installations.js","storage":"https://www.gstatic.com/firebasejs/9.19.1/firebase-storage.js","performance":"https://www.gstatic.com/firebasejs/9.19.1/firebase-performance.js","remote-config":"https://www.gstatic.com/firebasejs/9.19.1/firebase-remote-config.js","messaging":"https://www.gstatic.com/firebasejs/9.19.1/firebase-messaging.js","messaging/sw":"https://www.gstatic.com/firebasejs/9.19.1/firebase-messaging/sw.js","database":"https://www.gstatic.com/firebasejs/9.19.1/firebase-database.js","firestore.memory":"https://www.gstatic.com/firebasejs/9.19.1/firebase-firestore.memory.js"}}
[info] +  Wrote Yes/index.html 
[info] 
[info] i  Detected a .git folder at C:\react-native\my-react-project 
[info] i  Authorizing with GitHub to upload your service account to a GitHub repository's secrets store. 
[info] 
[info] Visit this URL on this device to log in:
[info] https://github.com/login/oauth/authorize?client_id=89cf50f02ac6aaed3484&state=504488773&redirect_uri=http%3A%2F%2Flocalhost%3A9005&scope=read%3Auser%20repo%20public_repo
[info] 
[info] Waiting for authentication...
[debug] [2023-04-15T05:13:50.667Z] >>> [apiv2][query] POST https://github.com/login/oauth/access_token [none]
[debug] [2023-04-15T05:13:50.667Z] >>> [apiv2][body] POST https://github.com/login/oauth/access_token [stream]
[debug] [2023-04-15T05:13:51.069Z] <<< [apiv2][status] POST https://github.com/login/oauth/access_token 200
[debug] [2023-04-15T05:13:51.069Z] <<< [apiv2][body] POST https://github.com/login/oauth/access_token {"access_token":"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","token_type":"bearer","scope":"read:user,repo"}
[debug] [2023-04-15T05:13:51.086Z] >>> [apiv2][query] GET https://api.github.com/user [none]
[debug] [2023-04-15T05:13:51.644Z] <<< [apiv2][status] GET https://api.github.com/user 200
[debug] [2023-04-15T05:13:51.645Z] <<< [apiv2][body] GET https://api.github.com/user {"login":"rafiktelli","id":38439929,"node_id":"MDQ6VXNlcjM4NDM5OTI5","avatar_url":"https://avatars.githubusercontent.com/u/38439929?v=4","gravatar_id":"","url":"https://api.github.com/users/rafiktelli","html_url":"https://github.com/rafiktelli","followers_url":"https://api.github.com/users/rafiktelli/followers","following_url":"https://api.github.com/users/rafiktelli/following{/other_user}","gists_url":"https://api.github.com/users/rafiktelli/gists{/gist_id}","starred_url":"https://api.github.com/users/rafiktelli/starred{/owner}{/repo}","subscriptions_url":"https://api.github.com/users/rafiktelli/subscriptions","organizations_url":"https://api.github.com/users/rafiktelli/orgs","repos_url":"https://api.github.com/users/rafiktelli/repos","events_url":"https://api.github.com/users/rafiktelli/events{/privacy}","received_events_url":"https://api.github.com/users/rafiktelli/received_events","type":"User","site_admin":false,"name":"TELLI Mohamed Khoudja","company":null,"blog":"","location":null,"email":null,"hireable":null,"bio":null,"twitter_username":null,"public_repos":12,"public_gists":0,"followers":0,"following":0,"created_at":"2018-04-16T19:07:18Z","updated_at":"2023-04-10T22:41:42Z","private_gists":0,"total_private_repos":1,"owned_private_repos":1,"disk_usage":79668,"collaborators":0,"two_factor_authentication":false,"plan":{"name":"free","space":976562499,"collaborators":0,"private_repos":10000}}
[info] 
[info] +  Success! Logged into GitHub as rafiktelli 
[info] 
[debug] [2023-04-15T05:14:07.475Z] >>> [apiv2][query] GET https://api.github.com/repos//actions/secrets/public-key type=owner
[debug] [2023-04-15T05:14:07.843Z] <<< [apiv2][status] GET https://api.github.com/repos//actions/secrets/public-key 404
[debug] [2023-04-15T05:14:07.843Z] <<< [apiv2][body] GET https://api.github.com/repos//actions/secrets/public-key {"message":"Not Found","documentation_url":"https://docs.github.com/rest"}
[info] 
[info] 
[error] !  The provided authorization cannot be used with this repository. If this repository is in an organization, did you remember to grant access? 
[info] 
[info] i  Action required: Visit this URL to ensure access has been granted to the appropriate organization(s) for the Firebase CLI GitHub OAuth App: 
[info] https://github.com/settings/connections/applications/89cf50f02ac6aaed3484
[info] 
